# JRE version: Java(TM) SE Runtime Environment (8.0_74-b02) (build 1.8.0_74-b02)
# Java VM: Java HotSpot(TM) 64-Bit Server VM (25.74-b02 mixed mode bsd-amd64 compressed oops)
Heap:
 PSYoungGen      total 819200K, used 571266K [0x0000000662b00000, 0x00000006abc80000, 0x00000007c0000000)
  eden space 758784K, 75% used [0x0000000662b00000,0x00000006858e0ae0,0x0000000691000000)
  from space 60416K, 0% used [0x0000000691000000,0x0000000691000000,0x0000000694b00000)
  to   space 61440K, 0% used [0x00000006a8080000,0x00000006a8080000,0x00000006abc80000)
 ParOldGen       total 235520K, used 92334K [0x00000003a8000000, 0x00000003b6600000, 0x0000000662b00000)
  object space 235520K, 39% used [0x00000003a8000000,0x00000003ada2bb98,0x00000003b6600000)
 Metaspace       used 40182K, capacity 40725K, committed 41216K, reserved 1085440K
  class space    used 5335K, capacity 5523K, committed 5632K, reserved 1048576K
GC Heap History (10 events):
Event: 6.475 GC heap before
{Heap before GC invocations=7 (full 1):
 PSYoungGen      total 272896K, used 272866K [0x0000000662b00000, 0x0000000684d00000, 0x00000007c0000000)
  eden space 262144K, 100% used [0x0000000662b00000,0x0000000672b00000,0x0000000672b00000)
  from space 10752K, 99% used [0x0000000672b00000,0x00000006735788c0,0x0000000673580000)
  to   space 49152K, 0% used [0x0000000681d00000,0x0000000681d00000,0x0000000684d00000)
 ParOldGen       total 175104K, used 61108K [0x00000003a8000000, 0x00000003b2b00000, 0x0000000662b00000)
  object space 175104K, 34% used [0x00000003a8000000,0x00000003abbad358,0x00000003b2b00000)
 Metaspace       used 23426K, capacity 23816K, committed 24320K, reserved 1071104K
  class space    used 2848K, capacity 2980K, committed 3072K, reserved 1048576K
Event: 6.493 GC heap after
Heap after GC invocations=7 (full 1):
 PSYoungGen      total 485376K, used 25429K [0x0000000662b00000, 0x0000000683d80000, 0x00000007c0000000)
  eden space 452096K, 0% used [0x0000000662b00000,0x0000000662b00000,0x000000067e480000)
  from space 33280K, 76% used [0x0000000681d00000,0x00000006835d5668,0x0000000683d80000)
  to   space 45568K, 0% used [0x000000067e480000,0x000000067e480000,0x0000000681100000)
 ParOldGen       total 175104K, used 61116K [0x00000003a8000000, 0x00000003b2b00000, 0x0000000662b00000)
  object space 175104K, 34% used [0x00000003a8000000,0x00000003abbaf358,0x00000003b2b00000)
 Metaspace       used 23426K, capacity 23816K, committed 24320K, reserved 1071104K
  class space    used 2848K, capacity 2980K, committed 3072K, reserved 1048576K
}
Event: 8.885 GC heap before
{Heap before GC invocations=8 (full 1):
 PSYoungGen      total 485376K, used 477525K [0x0000000662b00000, 0x0000000683d80000, 0x00000007c0000000)
  eden space 452096K, 100% used [0x0000000662b00000,0x000000067e480000,0x000000067e480000)
  from space 33280K, 76% used [0x0000000681d00000,0x00000006835d5668,0x0000000683d80000)
  to   space 45568K, 0% used [0x000000067e480000,0x000000067e480000,0x0000000681100000)
 ParOldGen       total 175104K, used 61116K [0x00000003a8000000, 0x00000003b2b00000, 0x0000000662b00000)
  object space 175104K, 34% used [0x00000003a8000000,0x00000003abbaf358,0x00000003b2b00000)
 Metaspace       used 26476K, capacity 26884K, committed 27264K, reserved 1073152K
  class space    used 3195K, capacity 3338K, committed 3456K, reserved 1048576K
Event: 8.914 GC heap after
Heap after GC invocations=8 (full 1):
 PSYoungGen      total 497664K, used 45557K [0x0000000662b00000, 0x0000000698080000, 0x00000007c0000000)
  eden space 452096K, 0% used [0x0000000662b00000,0x0000000662b00000,0x000000067e480000)
  from space 45568K, 99% used [0x000000067e480000,0x00000006810fd420,0x0000000681100000)
  to   space 53760K, 0% used [0x0000000694c00000,0x0000000694c00000,0x0000000698080000)
 ParOldGen       total 175104K, used 63052K [0x00000003a8000000, 0x00000003b2b00000, 0x0000000662b00000)
  object space 175104K, 36% used [0x00000003a8000000,0x00000003abd930f8,0x00000003b2b00000)
 Metaspace       used 26476K, capacity 26884K, committed 27264K, reserved 1073152K
  class space    used 3195K, capacity 3338K, committed 3456K, reserved 1048576K
}
Event: 10.671 GC heap before
{Heap before GC invocations=9 (full 1):
 PSYoungGen      total 497664K, used 497653K [0x0000000662b00000, 0x0000000698080000, 0x00000007c0000000)
  eden space 452096K, 100% used [0x0000000662b00000,0x000000067e480000,0x000000067e480000)
  from space 45568K, 99% used [0x000000067e480000,0x00000006810fd420,0x0000000681100000)
  to   space 53760K, 0% used [0x0000000694c00000,0x0000000694c00000,0x0000000698080000)
 ParOldGen       total 175104K, used 63052K [0x00000003a8000000, 0x00000003b2b00000, 0x0000000662b00000)
  object space 175104K, 36% used [0x00000003a8000000,0x00000003abd930f8,0x00000003b2b00000)
 Metaspace       used 30896K, capacity 31368K, committed 31744K, reserved 1077248K
  class space    used 3885K, capacity 4016K, committed 4096K, reserved 1048576K
Event: 10.700 GC heap after
Heap after GC invocations=9 (full 1):
 PSYoungGen      total 812544K, used 51639K [0x0000000662b00000, 0x0000000698600000, 0x00000007c0000000)
  eden space 758784K, 0% used [0x0000000662b00000,0x0000000662b00000,0x0000000691000000)
  from space 53760K, 96% used [0x0000000694c00000,0x0000000697e6de90,0x0000000698080000)
  to   space 60416K, 0% used [0x0000000691000000,0x0000000691000000,0x0000000694b00000)
 ParOldGen       total 175104K, used 63060K [0x00000003a8000000, 0x00000003b2b00000, 0x0000000662b00000)
  object space 175104K, 36% used [0x00000003a8000000,0x00000003abd950f8,0x00000003b2b00000)
 Metaspace       used 30896K, capacity 31368K, committed 31744K, reserved 1077248K
  class space    used 3885K, capacity 4016K, committed 4096K, reserved 1048576K
}
Event: 11.725 GC heap before
{Heap before GC invocations=10 (full 1):
 PSYoungGen      total 812544K, used 552224K [0x0000000662b00000, 0x0000000698600000, 0x00000007c0000000)
  eden space 758784K, 65% used [0x0000000662b00000,0x00000006813da550,0x0000000691000000)
  from space 53760K, 96% used [0x0000000694c00000,0x0000000697e6de90,0x0000000698080000)
  to   space 60416K, 0% used [0x0000000691000000,0x0000000691000000,0x0000000694b00000)
 ParOldGen       total 175104K, used 63060K [0x00000003a8000000, 0x00000003b2b00000, 0x0000000662b00000)
  object space 175104K, 36% used [0x00000003a8000000,0x00000003abd950f8,0x00000003b2b00000)
 Metaspace       used 34835K, capacity 35212K, committed 35496K, reserved 1079296K
  class space    used 4735K, capacity 4850K, committed 4864K, reserved 1048576K
Event: 11.753 GC heap after
Heap after GC invocations=10 (full 1):
 PSYoungGen      total 819200K, used 41129K [0x0000000662b00000, 0x00000006abc80000, 0x00000007c0000000)
  eden space 758784K, 0% used [0x0000000662b00000,0x0000000662b00000,0x0000000691000000)
  from space 60416K, 68% used [0x0000000691000000,0x000000069382a640,0x0000000694b00000)
  to   space 61440K, 0% used [0x00000006a8080000,0x00000006a8080000,0x00000006abc80000)
 ParOldGen       total 175104K, used 80542K [0x00000003a8000000, 0x00000003b2b00000, 0x0000000662b00000)
  object space 175104K, 45% used [0x00000003a8000000,0x00000003acea7950,0x00000003b2b00000)
 Metaspace       used 34835K, capacity 35212K, committed 35496K, reserved 1079296K
  class space    used 4735K, capacity 4850K, committed 4864K, reserved 1048576K
}
Event: 11.753 GC heap before
{Heap before GC invocations=11 (full 2):
 PSYoungGen      total 819200K, used 41129K [0x0000000662b00000, 0x00000006abc80000, 0x00000007c0000000)
  eden space 758784K, 0% used [0x0000000662b00000,0x0000000662b00000,0x0000000691000000)
  from space 60416K, 68% used [0x0000000691000000,0x000000069382a640,0x0000000694b00000)
  to   space 61440K, 0% used [0x00000006a8080000,0x00000006a8080000,0x00000006abc80000)
 ParOldGen       total 175104K, used 80542K [0x00000003a8000000, 0x00000003b2b00000, 0x0000000662b00000)
  object space 175104K, 45% used [0x00000003a8000000,0x00000003acea7950,0x00000003b2b00000)
 Metaspace       used 34835K, capacity 35212K, committed 35496K, reserved 1079296K
  class space    used 4735K, capacity 4850K, committed 4864K, reserved 1048576K
Event: 11.857 GC heap after
Heap after GC invocations=11 (full 2):
 PSYoungGen      total 819200K, used 0K [0x0000000662b00000, 0x00000006abc80000, 0x00000007c0000000)
  eden space 758784K, 0% used [0x0000000662b00000,0x0000000662b00000,0x0000000691000000)
  from space 60416K, 0% used [0x0000000691000000,0x0000000691000000,0x0000000694b00000)
  to   space 61440K, 0% used [0x00000006a8080000,0x00000006a8080000,0x00000006abc80000)
 ParOldGen       total 235520K, used 92334K [0x00000003a8000000, 0x00000003b6600000, 0x0000000662b00000)
  object space 235520K, 39% used [0x00000003a8000000,0x00000003ada2bb98,0x00000003b6600000)
 Metaspace       used 34835K, capacity 35212K, committed 35496K, reserved 1079296K
  class space    used 4735K, capacity 4850K, committed 4864K, reserved 1048576K
}

