# JRE version: Java(TM) SE Runtime Environment (8.0_74-b02) (build 1.8.0_74-b02)
# Java VM: Java HotSpot(TM) 64-Bit Server VM (25.74-b02 mixed mode bsd-amd64 compressed oops)
Heap:
 PSYoungGen      total 851968K, used 582013K [0x0000000662b00000, 0x00000006af400000, 0x00000007c0000000)
  eden space 790528K, 73% used [0x0000000662b00000,0x000000068635f608,0x0000000692f00000)
  from space 61440K, 0% used [0x0000000692f00000,0x0000000692f00000,0x0000000696b00000)
  to   space 61952K, 0% used [0x00000006ab780000,0x00000006ab780000,0x00000006af400000)
 ParOldGen       total 229888K, used 92392K [0x00000003a8000000, 0x00000003b6080000, 0x0000000662b00000)
  object space 229888K, 40% used [0x00000003a8000000,0x00000003ada3a040,0x00000003b6080000)
 Metaspace       used 39917K, capacity 40403K, committed 40960K, reserved 1085440K
  class space    used 5316K, capacity 5521K, committed 5632K, reserved 1048576K
GC Heap History (10 events):
Event: 6.686 GC heap before
{Heap before GC invocations=7 (full 1):
 PSYoungGen      total 272896K, used 272868K [0x0000000662b00000, 0x0000000685700000, 0x00000007c0000000)
  eden space 262144K, 100% used [0x0000000662b00000,0x0000000672b00000,0x0000000672b00000)
  from space 10752K, 99% used [0x0000000672b00000,0x00000006735792d8,0x0000000673580000)
  to   space 50176K, 0% used [0x0000000682600000,0x0000000682600000,0x0000000685700000)
 ParOldGen       total 175104K, used 60949K [0x00000003a8000000, 0x00000003b2b00000, 0x0000000662b00000)
  object space 175104K, 34% used [0x00000003a8000000,0x00000003abb85498,0x00000003b2b00000)
 Metaspace       used 23434K, capacity 23810K, committed 24320K, reserved 1071104K
  class space    used 2856K, capacity 2978K, committed 3072K, reserved 1048576K
Event: 6.713 GC heap after
Heap after GC invocations=7 (full 1):
 PSYoungGen      total 499712K, used 24579K [0x0000000662b00000, 0x0000000684a00000, 0x00000007c0000000)
  eden space 462848K, 0% used [0x0000000662b00000,0x0000000662b00000,0x000000067ef00000)
  from space 36864K, 66% used [0x0000000682600000,0x0000000683e00d10,0x0000000684a00000)
  to   space 46592K, 0% used [0x000000067ef00000,0x000000067ef00000,0x0000000681c80000)
 ParOldGen       total 175104K, used 60949K [0x00000003a8000000, 0x00000003b2b00000, 0x0000000662b00000)
  object space 175104K, 34% used [0x00000003a8000000,0x00000003abb85498,0x00000003b2b00000)
 Metaspace       used 23434K, capacity 23810K, committed 24320K, reserved 1071104K
  class space    used 2856K, capacity 2978K, committed 3072K, reserved 1048576K
}
Event: 9.257 GC heap before
{Heap before GC invocations=8 (full 1):
 PSYoungGen      total 499712K, used 487427K [0x0000000662b00000, 0x0000000684a00000, 0x00000007c0000000)
  eden space 462848K, 100% used [0x0000000662b00000,0x000000067ef00000,0x000000067ef00000)
  from space 36864K, 66% used [0x0000000682600000,0x0000000683e00d10,0x0000000684a00000)
  to   space 46592K, 0% used [0x000000067ef00000,0x000000067ef00000,0x0000000681c80000)
 ParOldGen       total 175104K, used 60949K [0x00000003a8000000, 0x00000003b2b00000, 0x0000000662b00000)
  object space 175104K, 34% used [0x00000003a8000000,0x00000003abb85498,0x00000003b2b00000)
 Metaspace       used 26517K, capacity 26846K, committed 27264K, reserved 1073152K
  class space    used 3213K, capacity 3368K, committed 3456K, reserved 1048576K
Event: 9.280 GC heap after
Heap after GC invocations=8 (full 1):
 PSYoungGen      total 509440K, used 46585K [0x0000000662b00000, 0x000000069a300000, 0x00000007c0000000)
  eden space 462848K, 0% used [0x0000000662b00000,0x0000000662b00000,0x000000067ef00000)
  from space 46592K, 99% used [0x000000067ef00000,0x0000000681c7e4d0,0x0000000681c80000)
  to   space 54784K, 0% used [0x0000000696d80000,0x0000000696d80000,0x000000069a300000)
 ParOldGen       total 175104K, used 61915K [0x00000003a8000000, 0x00000003b2b00000, 0x0000000662b00000)
  object space 175104K, 35% used [0x00000003a8000000,0x00000003abc76db0,0x00000003b2b00000)
 Metaspace       used 26517K, capacity 26846K, committed 27264K, reserved 1073152K
  class space    used 3213K, capacity 3368K, committed 3456K, reserved 1048576K
}
Event: 11.051 GC heap before
{Heap before GC invocations=9 (full 1):
 PSYoungGen      total 509440K, used 509433K [0x0000000662b00000, 0x000000069a300000, 0x00000007c0000000)
  eden space 462848K, 100% used [0x0000000662b00000,0x000000067ef00000,0x000000067ef00000)
  from space 46592K, 99% used [0x000000067ef00000,0x0000000681c7e4d0,0x0000000681c80000)
  to   space 54784K, 0% used [0x0000000696d80000,0x0000000696d80000,0x000000069a300000)
 ParOldGen       total 175104K, used 61915K [0x00000003a8000000, 0x00000003b2b00000, 0x0000000662b00000)
  object space 175104K, 35% used [0x00000003a8000000,0x00000003abc76db0,0x00000003b2b00000)
 Metaspace       used 31029K, capacity 31490K, committed 31744K, reserved 1077248K
  class space    used 3925K, capacity 4078K, committed 4096K, reserved 1048576K
Event: 11.079 GC heap after
Heap after GC invocations=9 (full 1):
 PSYoungGen      total 845312K, used 51733K [0x0000000662b00000, 0x000000069a700000, 0x00000007c0000000)
  eden space 790528K, 0% used [0x0000000662b00000,0x0000000662b00000,0x0000000692f00000)
  from space 54784K, 94% used [0x0000000696d80000,0x000000069a005508,0x000000069a300000)
  to   space 61440K, 0% used [0x0000000692f00000,0x0000000692f00000,0x0000000696b00000)
 ParOldGen       total 175104K, used 61923K [0x00000003a8000000, 0x00000003b2b00000, 0x0000000662b00000)
  object space 175104K, 35% used [0x00000003a8000000,0x00000003abc78db0,0x00000003b2b00000)
 Metaspace       used 31029K, capacity 31490K, committed 31744K, reserved 1077248K
  class space    used 3925K, capacity 4078K, committed 4096K, reserved 1048576K
}
Event: 12.118 GC heap before
{Heap before GC invocations=10 (full 1):
 PSYoungGen      total 845312K, used 535960K [0x0000000662b00000, 0x000000069a700000, 0x00000007c0000000)
  eden space 790528K, 61% used [0x0000000662b00000,0x00000006803e0c58,0x0000000692f00000)
  from space 54784K, 94% used [0x0000000696d80000,0x000000069a005508,0x000000069a300000)
  to   space 61440K, 0% used [0x0000000692f00000,0x0000000692f00000,0x0000000696b00000)
 ParOldGen       total 175104K, used 61923K [0x00000003a8000000, 0x00000003b2b00000, 0x0000000662b00000)
  object space 175104K, 35% used [0x00000003a8000000,0x00000003abc78db0,0x00000003b2b00000)
 Metaspace       used 34776K, capacity 35206K, committed 35496K, reserved 1079296K
  class space    used 4731K, capacity 4848K, committed 4864K, reserved 1048576K
Event: 12.146 GC heap after
Heap after GC invocations=10 (full 1):
 PSYoungGen      total 851968K, used 41170K [0x0000000662b00000, 0x00000006af400000, 0x00000007c0000000)
  eden space 790528K, 0% used [0x0000000662b00000,0x0000000662b00000,0x0000000692f00000)
  from space 61440K, 67% used [0x0000000692f00000,0x0000000695734958,0x0000000696b00000)
  to   space 61952K, 0% used [0x00000006ab780000,0x00000006ab780000,0x00000006af400000)
 ParOldGen       total 175104K, used 79467K [0x00000003a8000000, 0x00000003b2b00000, 0x0000000662b00000)
  object space 175104K, 45% used [0x00000003a8000000,0x00000003acd9af48,0x00000003b2b00000)
 Metaspace       used 34776K, capacity 35206K, committed 35496K, reserved 1079296K
  class space    used 4731K, capacity 4848K, committed 4864K, reserved 1048576K
}
Event: 12.146 GC heap before
{Heap before GC invocations=11 (full 2):
 PSYoungGen      total 851968K, used 41170K [0x0000000662b00000, 0x00000006af400000, 0x00000007c0000000)
  eden space 790528K, 0% used [0x0000000662b00000,0x0000000662b00000,0x0000000692f00000)
  from space 61440K, 67% used [0x0000000692f00000,0x0000000695734958,0x0000000696b00000)
  to   space 61952K, 0% used [0x00000006ab780000,0x00000006ab780000,0x00000006af400000)
 ParOldGen       total 175104K, used 79467K [0x00000003a8000000, 0x00000003b2b00000, 0x0000000662b00000)
  object space 175104K, 45% used [0x00000003a8000000,0x00000003acd9af48,0x00000003b2b00000)
 Metaspace       used 34776K, capacity 35206K, committed 35496K, reserved 1079296K
  class space    used 4731K, capacity 4848K, committed 4864K, reserved 1048576K
Event: 12.248 GC heap after
Heap after GC invocations=11 (full 2):
 PSYoungGen      total 851968K, used 0K [0x0000000662b00000, 0x00000006af400000, 0x00000007c0000000)
  eden space 790528K, 0% used [0x0000000662b00000,0x0000000662b00000,0x0000000692f00000)
  from space 61440K, 0% used [0x0000000692f00000,0x0000000692f00000,0x0000000696b00000)
  to   space 61952K, 0% used [0x00000006ab780000,0x00000006ab780000,0x00000006af400000)
 ParOldGen       total 229888K, used 92392K [0x00000003a8000000, 0x00000003b6080000, 0x0000000662b00000)
  object space 229888K, 40% used [0x00000003a8000000,0x00000003ada3a040,0x00000003b6080000)
 Metaspace       used 34776K, capacity 35206K, committed 35496K, reserved 1079296K
  class space    used 4731K, capacity 4848K, committed 4864K, reserved 1048576K
}

